<?xml version="1.0" encoding="UTF-8"?>
<!-- Generated by org.testng.reporters.JUnitReportReporter -->
<testsuite hostname="Avin" name="com.hp.test.framework.runner.Runallthetests" tests="1" failures="0" timestamp="20 Jul 2016 09:17:16 GMT" time="114.361" errors="0">
  <testcase name="test" time="114.361" classname="com.hp.test.framework.runner.Runallthetests"/>
</testsuite> <!-- com.hp.test.framework.runner.Runallthetests -->
